<?xml version="1.0" encoding="UTF-8"?>
<!-- Generated by org.testng.reporters.JUnitReportReporter -->
<testsuite hostname="LAPTOP-N64GDBTS" failures="0" tests="1" name="day2.DiffWaysToCreatePostRequestBody" time="9.321" errors="0" timestamp="2023-07-25T11:53:09 IST" skipped="0">
  <testcase classname="day2.DiffWaysToCreatePostRequestBody" name="testPostusingHAshMap" time="9.321"/>
</testsuite> <!-- day2.DiffWaysToCreatePostRequestBody -->
