<?xml version="1.0" encoding="UTF-8"?>
<!-- Generated by org.testng.reporters.JUnitReportReporter -->
<testsuite hostname="LAPTOP-N64GDBTS" failures="0" tests="3" name="day1.HTTPRequests" time="13.160" errors="0" timestamp="2023-07-21T12:14:01 IST" skipped="0">
  <testcase classname="day1.HTTPRequests" name="createUser" time="7.775"/>
  <testcase classname="day1.HTTPRequests" name="updateUser" time="1.894"/>
  <testcase classname="day1.HTTPRequests" name="deleteUser" time="3.491"/>
</testsuite> <!-- day1.HTTPRequests -->
